# JRE version: OpenJDK Runtime Environment (11.0.12+7) (build 11.0.12+7-b1504.28-7817840)
# Java VM: OpenJDK 64-Bit Server VM (11.0.12+7-b1504.28-7817840, mixed mode, tiered, compressed oops, g1 gc, windows-amd64)
Heap:
 garbage-first heap   total 593920K, used 328361K [0x0000000080000000, 0x0000000100000000)
  region size 1024K, 13 young (13312K), 13 survivors (13312K)
 Metaspace       used 117276K, capacity 120436K, committed 120576K, reserved 1155072K
  class space    used 14574K, capacity 15792K, committed 15872K, reserved 1048576K
GC Heap History (20 events):
Event: 85.359 GC heap after
{Heap after GC invocations=105 (full 0):
 garbage-first heap   total 509952K, used 308590K [0x0000000080000000, 0x0000000100000000)
  region size 1024K, 8 young (8192K), 8 survivors (8192K)
 Metaspace       used 117111K, capacity 120233K, committed 120576K, reserved 1155072K
  class space    used 14571K, capacity 15759K, committed 15872K, reserved 1048576K
}
Event: 85.710 GC heap before
{Heap before GC invocations=105 (full 0):
 garbage-first heap   total 509952K, used 448878K [0x0000000080000000, 0x0000000100000000)
  region size 1024K, 145 young (148480K), 8 survivors (8192K)
 Metaspace       used 117111K, capacity 120233K, committed 120576K, reserved 1155072K
  class space    used 14571K, capacity 15759K, committed 15872K, reserved 1048576K
}
Event: 85.726 GC heap after
{Heap after GC invocations=106 (full 0):
 garbage-first heap   total 509952K, used 309340K [0x0000000080000000, 0x0000000100000000)
  region size 1024K, 8 young (8192K), 8 survivors (8192K)
 Metaspace       used 117111K, capacity 120233K, committed 120576K, reserved 1155072K
  class space    used 14571K, capacity 15759K, committed 15872K, reserved 1048576K
}
Event: 86.030 GC heap before
{Heap before GC invocations=106 (full 0):
 garbage-first heap   total 509952K, used 449628K [0x0000000080000000, 0x0000000100000000)
  region size 1024K, 145 young (148480K), 8 survivors (8192K)
 Metaspace       used 117113K, capacity 120233K, committed 120576K, reserved 1155072K
  class space    used 14571K, capacity 15759K, committed 15872K, reserved 1048576K
}
Event: 86.046 GC heap after
{Heap after GC invocations=107 (full 0):
 garbage-first heap   total 509952K, used 309716K [0x0000000080000000, 0x0000000100000000)
  region size 1024K, 9 young (9216K), 9 survivors (9216K)
 Metaspace       used 117113K, capacity 120233K, committed 120576K, reserved 1155072K
  class space    used 14571K, capacity 15759K, committed 15872K, reserved 1048576K
}
Event: 86.308 GC heap before
{Heap before GC invocations=107 (full 0):
 garbage-first heap   total 509952K, used 447956K [0x0000000080000000, 0x0000000100000000)
  region size 1024K, 144 young (147456K), 9 survivors (9216K)
 Metaspace       used 117115K, capacity 120233K, committed 120576K, reserved 1155072K
  class space    used 14571K, capacity 15759K, committed 15872K, reserved 1048576K
}
Event: 86.327 GC heap after
{Heap after GC invocations=108 (full 0):
 garbage-first heap   total 509952K, used 311388K [0x0000000080000000, 0x0000000100000000)
  region size 1024K, 10 young (10240K), 10 survivors (10240K)
 Metaspace       used 117115K, capacity 120233K, committed 120576K, reserved 1155072K
  class space    used 14571K, capacity 15759K, committed 15872K, reserved 1048576K
}
Event: 86.633 GC heap before
{Heap before GC invocations=108 (full 0):
 garbage-first heap   total 509952K, used 447580K [0x0000000080000000, 0x0000000100000000)
  region size 1024K, 143 young (146432K), 10 survivors (10240K)
 Metaspace       used 117142K, capacity 120237K, committed 120576K, reserved 1155072K
  class space    used 14571K, capacity 15759K, committed 15872K, reserved 1048576K
}
Event: 86.652 GC heap after
{Heap after GC invocations=109 (full 0):
 garbage-first heap   total 509952K, used 311606K [0x0000000080000000, 0x0000000100000000)
  region size 1024K, 9 young (9216K), 9 survivors (9216K)
 Metaspace       used 117142K, capacity 120237K, committed 120576K, reserved 1155072K
  class space    used 14571K, capacity 15759K, committed 15872K, reserved 1048576K
}
Event: 86.979 GC heap before
{Heap before GC invocations=109 (full 0):
 garbage-first heap   total 509952K, used 449846K [0x0000000080000000, 0x0000000100000000)
  region size 1024K, 143 young (146432K), 9 survivors (9216K)
 Metaspace       used 117152K, capacity 120305K, committed 120576K, reserved 1155072K
  class space    used 14572K, capacity 15760K, committed 15872K, reserved 1048576K
}
Event: 87.000 GC heap after
{Heap after GC invocations=110 (full 0):
 garbage-first heap   total 509952K, used 310692K [0x0000000080000000, 0x0000000100000000)
  region size 1024K, 8 young (8192K), 8 survivors (8192K)
 Metaspace       used 117152K, capacity 120305K, committed 120576K, reserved 1155072K
  class space    used 14572K, capacity 15760K, committed 15872K, reserved 1048576K
}
Event: 87.305 GC heap before
{Heap before GC invocations=110 (full 0):
 garbage-first heap   total 509952K, used 449956K [0x0000000080000000, 0x0000000100000000)
  region size 1024K, 144 young (147456K), 8 survivors (8192K)
 Metaspace       used 117156K, capacity 120305K, committed 120576K, reserved 1155072K
  class space    used 14572K, capacity 15760K, committed 15872K, reserved 1048576K
}
Event: 87.328 GC heap after
{Heap after GC invocations=111 (full 0):
 garbage-first heap   total 509952K, used 311716K [0x0000000080000000, 0x0000000100000000)
  region size 1024K, 9 young (9216K), 9 survivors (9216K)
 Metaspace       used 117156K, capacity 120305K, committed 120576K, reserved 1155072K
  class space    used 14572K, capacity 15760K, committed 15872K, reserved 1048576K
}
Event: 87.756 GC heap before
{Heap before GC invocations=111 (full 0):
 garbage-first heap   total 509952K, used 450980K [0x0000000080000000, 0x0000000100000000)
  region size 1024K, 143 young (146432K), 9 survivors (9216K)
 Metaspace       used 117271K, capacity 120436K, committed 120576K, reserved 1155072K
  class space    used 14574K, capacity 15792K, committed 15872K, reserved 1048576K
}
Event: 87.784 GC heap after
{Heap after GC invocations=112 (full 0):
 garbage-first heap   total 509952K, used 321364K [0x0000000080000000, 0x0000000100000000)
  region size 1024K, 17 young (17408K), 17 survivors (17408K)
 Metaspace       used 117271K, capacity 120436K, committed 120576K, reserved 1155072K
  class space    used 14574K, capacity 15792K, committed 15872K, reserved 1048576K
}
Event: 88.147 GC heap before
{Heap before GC invocations=112 (full 0):
 garbage-first heap   total 509952K, used 442196K [0x0000000080000000, 0x0000000100000000)
  region size 1024K, 133 young (136192K), 17 survivors (17408K)
 Metaspace       used 117272K, capacity 120436K, committed 120576K, reserved 1155072K
  class space    used 14574K, capacity 15792K, committed 15872K, reserved 1048576K
}
Event: 88.177 GC heap after
{Heap after GC invocations=113 (full 0):
 garbage-first heap   total 509952K, used 322252K [0x0000000080000000, 0x0000000100000000)
  region size 1024K, 14 young (14336K), 14 survivors (14336K)
 Metaspace       used 117272K, capacity 120436K, committed 120576K, reserved 1155072K
  class space    used 14574K, capacity 15792K, committed 15872K, reserved 1048576K
}
Event: 88.471 GC heap before
{Heap before GC invocations=113 (full 0):
 garbage-first heap   total 509952K, used 442060K [0x0000000080000000, 0x0000000100000000)
  region size 1024K, 132 young (135168K), 14 survivors (14336K)
 Metaspace       used 117275K, capacity 120436K, committed 120576K, reserved 1155072K
  class space    used 14574K, capacity 15792K, committed 15872K, reserved 1048576K
}
Event: 88.491 GC heap after
{Heap after GC invocations=114 (full 0):
 garbage-first heap   total 509952K, used 326478K [0x0000000080000000, 0x0000000100000000)
  region size 1024K, 14 young (14336K), 14 survivors (14336K)
 Metaspace       used 117275K, capacity 120436K, committed 120576K, reserved 1155072K
  class space    used 14574K, capacity 15792K, committed 15872K, reserved 1048576K
}
Event: 88.780 GC heap before
{Heap before GC invocations=114 (full 0):
 garbage-first heap   total 509952K, used 440142K [0x0000000080000000, 0x0000000100000000)
  region size 1024K, 126 young (129024K), 14 survivors (14336K)
 Metaspace       used 117276K, capacity 120436K, committed 120576K, reserved 1155072K
  class space    used 14574K, capacity 15792K, committed 15872K, reserved 1048576K
}

