# JRE version: OpenJDK Runtime Environment (11.0.12+7) (build 11.0.12+7-b1504.28-7817840)
# Java VM: OpenJDK 64-Bit Server VM (11.0.12+7-b1504.28-7817840, mixed mode, tiered, compressed oops, g1 gc, windows-amd64)
Heap:
 garbage-first heap   total 659456K, used 178817K [0x0000000080000000, 0x0000000100000000)
  region size 1024K, 2 young (2048K), 2 survivors (2048K)
 Metaspace       used 108669K, capacity 111443K, committed 111692K, reserved 1146880K
  class space    used 13851K, capacity 14874K, committed 14976K, reserved 1048576K
GC Heap History (20 events):
Event: 142.087 GC heap after
{Heap after GC invocations=85 (full 0):
 garbage-first heap   total 135168K, used 127558K [0x0000000080000000, 0x0000000100000000)
  region size 1024K, 1 young (1024K), 1 survivors (1024K)
 Metaspace       used 102392K, capacity 104726K, committed 104908K, reserved 1140736K
  class space    used 12878K, capacity 13766K, committed 13824K, reserved 1048576K
}
Event: 142.162 GC heap before
{Heap before GC invocations=85 (full 0):
 garbage-first heap   total 135168K, used 130630K [0x0000000080000000, 0x0000000100000000)
  region size 1024K, 6 young (6144K), 1 survivors (1024K)
 Metaspace       used 102393K, capacity 104726K, committed 104908K, reserved 1140736K
  class space    used 12878K, capacity 13766K, committed 13824K, reserved 1048576K
}
Event: 142.172 GC heap after
{Heap after GC invocations=86 (full 0):
 garbage-first heap   total 135168K, used 127402K [0x0000000080000000, 0x0000000100000000)
  region size 1024K, 1 young (1024K), 1 survivors (1024K)
 Metaspace       used 102393K, capacity 104726K, committed 104908K, reserved 1140736K
  class space    used 12878K, capacity 13766K, committed 13824K, reserved 1048576K
}
Event: 142.230 GC heap before
{Heap before GC invocations=86 (full 0):
 garbage-first heap   total 135168K, used 133546K [0x0000000080000000, 0x0000000100000000)
  region size 1024K, 6 young (6144K), 1 survivors (1024K)
 Metaspace       used 102393K, capacity 104726K, committed 104908K, reserved 1140736K
  class space    used 12878K, capacity 13766K, committed 13824K, reserved 1048576K
}
Event: 142.240 GC heap after
{Heap after GC invocations=87 (full 0):
 garbage-first heap   total 164864K, used 130666K [0x0000000080000000, 0x0000000100000000)
  region size 1024K, 1 young (1024K), 1 survivors (1024K)
 Metaspace       used 102393K, capacity 104726K, committed 104908K, reserved 1140736K
  class space    used 12878K, capacity 13766K, committed 13824K, reserved 1048576K
}
Event: 142.334 GC heap before
{Heap before GC invocations=88 (full 0):
 garbage-first heap   total 164864K, used 137834K [0x0000000080000000, 0x0000000100000000)
  region size 1024K, 8 young (8192K), 1 survivors (1024K)
 Metaspace       used 102406K, capacity 104732K, committed 104908K, reserved 1140736K
  class space    used 12878K, capacity 13767K, committed 13824K, reserved 1048576K
}
Event: 142.349 GC heap after
{Heap after GC invocations=89 (full 0):
 garbage-first heap   total 164864K, used 134718K [0x0000000080000000, 0x0000000100000000)
  region size 1024K, 1 young (1024K), 1 survivors (1024K)
 Metaspace       used 102406K, capacity 104732K, committed 104908K, reserved 1140736K
  class space    used 12878K, capacity 13767K, committed 13824K, reserved 1048576K
}
Event: 143.058 GC heap before
{Heap before GC invocations=89 (full 0):
 garbage-first heap   total 164864K, used 140862K [0x0000000080000000, 0x0000000100000000)
  region size 1024K, 8 young (8192K), 1 survivors (1024K)
 Metaspace       used 102891K, capacity 105347K, committed 105548K, reserved 1140736K
  class space    used 12949K, capacity 13861K, committed 13952K, reserved 1048576K
}
Event: 143.067 GC heap after
{Heap after GC invocations=90 (full 0):
 garbage-first heap   total 164864K, used 132879K [0x0000000080000000, 0x0000000100000000)
  region size 1024K, 1 young (1024K), 1 survivors (1024K)
 Metaspace       used 102891K, capacity 105347K, committed 105548K, reserved 1140736K
  class space    used 12949K, capacity 13861K, committed 13952K, reserved 1048576K
}
Event: 143.533 GC heap before
{Heap before GC invocations=90 (full 0):
 garbage-first heap   total 164864K, used 139023K [0x0000000080000000, 0x0000000100000000)
  region size 1024K, 8 young (8192K), 1 survivors (1024K)
 Metaspace       used 104128K, capacity 106544K, committed 106572K, reserved 1142784K
  class space    used 13285K, capacity 14198K, committed 14208K, reserved 1048576K
}
Event: 143.538 GC heap after
{Heap after GC invocations=91 (full 0):
 garbage-first heap   total 164864K, used 133576K [0x0000000080000000, 0x0000000100000000)
  region size 1024K, 1 young (1024K), 1 survivors (1024K)
 Metaspace       used 104128K, capacity 106544K, committed 106572K, reserved 1142784K
  class space    used 13285K, capacity 14198K, committed 14208K, reserved 1048576K
}
Event: 143.759 GC heap before
{Heap before GC invocations=91 (full 0):
 garbage-first heap   total 164864K, used 139720K [0x0000000080000000, 0x0000000100000000)
  region size 1024K, 8 young (8192K), 1 survivors (1024K)
 Metaspace       used 104670K, capacity 107151K, committed 107212K, reserved 1142784K
  class space    used 13344K, capacity 14275K, committed 14336K, reserved 1048576K
}
Event: 143.771 GC heap after
{Heap after GC invocations=92 (full 0):
 garbage-first heap   total 329728K, used 135677K [0x0000000080000000, 0x0000000100000000)
  region size 1024K, 1 young (1024K), 1 survivors (1024K)
 Metaspace       used 104670K, capacity 107151K, committed 107212K, reserved 1142784K
  class space    used 13344K, capacity 14275K, committed 14336K, reserved 1048576K
}
Event: 144.218 GC heap before
{Heap before GC invocations=93 (full 0):
 garbage-first heap   total 329728K, used 204285K [0x0000000080000000, 0x0000000100000000)
  region size 1024K, 69 young (70656K), 1 survivors (1024K)
 Metaspace       used 104883K, capacity 107422K, committed 107724K, reserved 1142784K
  class space    used 13348K, capacity 14275K, committed 14336K, reserved 1048576K
}
Event: 144.286 GC heap after
{Heap after GC invocations=94 (full 0):
 garbage-first heap   total 329728K, used 170485K [0x0000000080000000, 0x0000000100000000)
  region size 1024K, 9 young (9216K), 9 survivors (9216K)
 Metaspace       used 104883K, capacity 107422K, committed 107724K, reserved 1142784K
  class space    used 13348K, capacity 14275K, committed 14336K, reserved 1048576K
}
Event: 146.538 GC heap before
{Heap before GC invocations=94 (full 0):
 garbage-first heap   total 329728K, used 224757K [0x0000000080000000, 0x0000000100000000)
  region size 1024K, 62 young (63488K), 9 survivors (9216K)
 Metaspace       used 108044K, capacity 110723K, committed 110796K, reserved 1144832K
  class space    used 13787K, capacity 14796K, committed 14848K, reserved 1048576K
}
Event: 146.589 GC heap after
{Heap after GC invocations=95 (full 0):
 garbage-first heap   total 329728K, used 183808K [0x0000000080000000, 0x0000000100000000)
  region size 1024K, 8 young (8192K), 8 survivors (8192K)
 Metaspace       used 108044K, capacity 110723K, committed 110796K, reserved 1144832K
  class space    used 13787K, capacity 14796K, committed 14848K, reserved 1048576K
}
Event: 147.399 GC heap before
{Heap before GC invocations=96 (full 0):
 garbage-first heap   total 329728K, used 224768K [0x0000000080000000, 0x0000000100000000)
  region size 1024K, 59 young (60416K), 8 survivors (8192K)
 Metaspace       used 108663K, capacity 111379K, committed 111692K, reserved 1146880K
  class space    used 13851K, capacity 14874K, committed 14976K, reserved 1048576K
}
Event: 147.427 GC heap after
{Heap after GC invocations=97 (full 0):
 garbage-first heap   total 329728K, used 178057K [0x0000000080000000, 0x0000000100000000)
  region size 1024K, 6 young (6144K), 6 survivors (6144K)
 Metaspace       used 108663K, capacity 111379K, committed 111692K, reserved 1146880K
  class space    used 13851K, capacity 14874K, committed 14976K, reserved 1048576K
}
Event: 147.528 GC heap before
{Heap before GC invocations=97 (full 0):
 garbage-first heap   total 329728K, used 190345K [0x0000000080000000, 0x0000000100000000)
  region size 1024K, 16 young (16384K), 6 survivors (6144K)
 Metaspace       used 108669K, capacity 111443K, committed 111692K, reserved 1146880K
  class space    used 13851K, capacity 14874K, committed 14976K, reserved 1048576K
}

