# JRE version: OpenJDK Runtime Environment (11.0.12+7) (build 11.0.12+7-b1504.28-7817840)
# Java VM: OpenJDK 64-Bit Server VM (11.0.12+7-b1504.28-7817840, mixed mode, tiered, compressed oops, g1 gc, windows-amd64)
Heap:
 garbage-first heap   total 131072K, used 83628K [0x0000000080000000, 0x0000000100000000)
  region size 1024K, 17 young (17408K), 6 survivors (6144K)
 Metaspace       used 84054K, capacity 86171K, committed 86480K, reserved 1124352K
  class space    used 10972K, capacity 11762K, committed 11852K, reserved 1048576K
GC Heap History (20 events):
Event: 28.499 GC heap before
{Heap before GC invocations=13 (full 0):
 garbage-first heap   total 131072K, used 96318K [0x0000000080000000, 0x0000000100000000)
  region size 1024K, 64 young (65536K), 6 survivors (6144K)
 Metaspace       used 54331K, capacity 55595K, committed 55760K, reserved 1097728K
  class space    used 6950K, capacity 7424K, committed 7500K, reserved 1048576K
}
Event: 28.511 GC heap after
{Heap after GC invocations=14 (full 0):
 garbage-first heap   total 131072K, used 46080K [0x0000000080000000, 0x0000000100000000)
  region size 1024K, 8 young (8192K), 8 survivors (8192K)
 Metaspace       used 54331K, capacity 55595K, committed 55760K, reserved 1097728K
  class space    used 6950K, capacity 7424K, committed 7500K, reserved 1048576K
}
Event: 30.900 GC heap before
{Heap before GC invocations=14 (full 0):
 garbage-first heap   total 131072K, used 75776K [0x0000000080000000, 0x0000000100000000)
  region size 1024K, 38 young (38912K), 8 survivors (8192K)
 Metaspace       used 58999K, capacity 60406K, committed 60496K, reserved 1101824K
  class space    used 7515K, capacity 8086K, committed 8140K, reserved 1048576K
}
Event: 30.912 GC heap after
{Heap after GC invocations=15 (full 0):
 garbage-first heap   total 131072K, used 48170K [0x0000000080000000, 0x0000000100000000)
  region size 1024K, 2 young (2048K), 2 survivors (2048K)
 Metaspace       used 58999K, capacity 60406K, committed 60496K, reserved 1101824K
  class space    used 7515K, capacity 8086K, committed 8140K, reserved 1048576K
}
Event: 31.787 GC heap before
{Heap before GC invocations=16 (full 0):
 garbage-first heap   total 131072K, used 91178K [0x0000000080000000, 0x0000000100000000)
  region size 1024K, 45 young (46080K), 2 survivors (2048K)
 Metaspace       used 63284K, capacity 64669K, committed 64848K, reserved 1105920K
  class space    used 8034K, capacity 8563K, committed 8652K, reserved 1048576K
}
Event: 31.794 GC heap after
{Heap after GC invocations=17 (full 0):
 garbage-first heap   total 131072K, used 51391K [0x0000000080000000, 0x0000000100000000)
  region size 1024K, 5 young (5120K), 5 survivors (5120K)
 Metaspace       used 63284K, capacity 64669K, committed 64848K, reserved 1105920K
  class space    used 8034K, capacity 8563K, committed 8652K, reserved 1048576K
}
Event: 33.332 GC heap before
{Heap before GC invocations=18 (full 0):
 garbage-first heap   total 131072K, used 96447K [0x0000000080000000, 0x0000000100000000)
  region size 1024K, 48 young (49152K), 5 survivors (5120K)
 Metaspace       used 65494K, capacity 67012K, committed 67280K, reserved 1107968K
  class space    used 8351K, capacity 8928K, committed 9036K, reserved 1048576K
}
Event: 33.342 GC heap after
{Heap after GC invocations=19 (full 0):
 garbage-first heap   total 131072K, used 54604K [0x0000000080000000, 0x0000000100000000)
  region size 1024K, 4 young (4096K), 4 survivors (4096K)
 Metaspace       used 65494K, capacity 67012K, committed 67280K, reserved 1107968K
  class space    used 8351K, capacity 8928K, committed 9036K, reserved 1048576K
}
Event: 35.695 GC heap before
{Heap before GC invocations=19 (full 0):
 garbage-first heap   total 131072K, used 97612K [0x0000000080000000, 0x0000000100000000)
  region size 1024K, 46 young (47104K), 4 survivors (4096K)
 Metaspace       used 68950K, capacity 70536K, committed 70736K, reserved 1110016K
  class space    used 8937K, capacity 9549K, committed 9676K, reserved 1048576K
}
Event: 35.702 GC heap after
{Heap after GC invocations=20 (full 0):
 garbage-first heap   total 131072K, used 56915K [0x0000000080000000, 0x0000000100000000)
  region size 1024K, 6 young (6144K), 6 survivors (6144K)
 Metaspace       used 68950K, capacity 70536K, committed 70736K, reserved 1110016K
  class space    used 8937K, capacity 9549K, committed 9676K, reserved 1048576K
}
Event: 37.000 GC heap before
{Heap before GC invocations=20 (full 0):
 garbage-first heap   total 131072K, used 99923K [0x0000000080000000, 0x0000000100000000)
  region size 1024K, 48 young (49152K), 6 survivors (6144K)
 Metaspace       used 72803K, capacity 74462K, committed 74576K, reserved 1114112K
  class space    used 9503K, capacity 10133K, committed 10188K, reserved 1048576K
}
Event: 37.013 GC heap after
{Heap after GC invocations=21 (full 0):
 garbage-first heap   total 131072K, used 60315K [0x0000000080000000, 0x0000000100000000)
  region size 1024K, 6 young (6144K), 6 survivors (6144K)
 Metaspace       used 72803K, capacity 74462K, committed 74576K, reserved 1114112K
  class space    used 9503K, capacity 10133K, committed 10188K, reserved 1048576K
}
Event: 38.041 GC heap before
{Heap before GC invocations=21 (full 0):
 garbage-first heap   total 131072K, used 103323K [0x0000000080000000, 0x0000000100000000)
  region size 1024K, 48 young (49152K), 6 survivors (6144K)
 Metaspace       used 77887K, capacity 79639K, committed 79952K, reserved 1118208K
  class space    used 10205K, capacity 10860K, committed 10956K, reserved 1048576K
}
Event: 38.053 GC heap after
{Heap after GC invocations=22 (full 0):
 garbage-first heap   total 131072K, used 62675K [0x0000000080000000, 0x0000000100000000)
  region size 1024K, 6 young (6144K), 6 survivors (6144K)
 Metaspace       used 77887K, capacity 79639K, committed 79952K, reserved 1118208K
  class space    used 10205K, capacity 10860K, committed 10956K, reserved 1048576K
}
Event: 40.663 GC heap before
{Heap before GC invocations=22 (full 0):
 garbage-first heap   total 131072K, used 103635K [0x0000000080000000, 0x0000000100000000)
  region size 1024K, 47 young (48128K), 6 survivors (6144K)
 Metaspace       used 81813K, capacity 83765K, committed 83920K, reserved 1122304K
  class space    used 10748K, capacity 11526K, committed 11596K, reserved 1048576K
}
Event: 40.675 GC heap after
{Heap after GC invocations=23 (full 0):
 garbage-first heap   total 131072K, used 65532K [0x0000000080000000, 0x0000000100000000)
  region size 1024K, 6 young (6144K), 6 survivors (6144K)
 Metaspace       used 81813K, capacity 83765K, committed 83920K, reserved 1122304K
  class space    used 10748K, capacity 11526K, committed 11596K, reserved 1048576K
}
Event: 41.713 GC heap before
{Heap before GC invocations=23 (full 0):
 garbage-first heap   total 131072K, used 105468K [0x0000000080000000, 0x0000000100000000)
  region size 1024K, 46 young (47104K), 6 survivors (6144K)
 Metaspace       used 82646K, capacity 84827K, committed 85072K, reserved 1122304K
  class space    used 10834K, capacity 11634K, committed 11724K, reserved 1048576K
}
Event: 41.726 GC heap after
{Heap after GC invocations=24 (full 0):
 garbage-first heap   total 131072K, used 68487K [0x0000000080000000, 0x0000000100000000)
  region size 1024K, 6 young (6144K), 6 survivors (6144K)
 Metaspace       used 82646K, capacity 84827K, committed 85072K, reserved 1122304K
  class space    used 10834K, capacity 11634K, committed 11724K, reserved 1048576K
}
Event: 46.479 GC heap before
{Heap before GC invocations=25 (full 0):
 garbage-first heap   total 131072K, used 106375K [0x0000000080000000, 0x0000000100000000)
  region size 1024K, 44 young (45056K), 6 survivors (6144K)
 Metaspace       used 84015K, capacity 86107K, committed 86224K, reserved 1124352K
  class space    used 10972K, capacity 11762K, committed 11852K, reserved 1048576K
}
Event: 46.493 GC heap after
{Heap after GC invocations=26 (full 0):
 garbage-first heap   total 131072K, used 73388K [0x0000000080000000, 0x0000000100000000)
  region size 1024K, 6 young (6144K), 6 survivors (6144K)
 Metaspace       used 84015K, capacity 86107K, committed 86224K, reserved 1124352K
  class space    used 10972K, capacity 11762K, committed 11852K, reserved 1048576K
}

